2025-04-16 21:12:32|6|First Name|High|Profile update rejected
2025-04-16 21:12:32|6|Last Name|High|Profile update rejected
2025-04-16 21:16:27|6|First Name|High|Profile update rejected|*****
2025-04-16 21:16:28|6|Last Name|High|Profile update rejected|*****
2025-04-16 21:29:10|6|First Name|High|Profile update rejected|n**ue
2025-04-16 21:29:11|6|Last Name|High|Profile update rejected|b**t**d
2025-04-16 21:30:23|6|First Name|High|Profile update rejected|n**ue
2025-05-14 01:00:55|29|profile image|High|Profile image rejected|Inappropriate image content
2025-05-14 01:01:51|29|profile image|High|Profile image rejected|Inappropriate image content
2025-05-14 01:20:55|6|profile image|High|Profile image rejected|Inappropriate image content
2025-05-14 01:22:20|29|profile image|High|Profile image rejected|Inappropriate image content
2025-05-14 02:15:02|6|First Name (AI detection)|High|Profile update rejected by AI validation|n**ro
2025-05-14 02:15:57|6|First Name (AI detection)|High|Profile update rejected by AI validation|n**ro
2025-05-14 02:15:58|6|Last Name (AI detection)|High|Profile update rejected by AI validation|s**p*d
2025-05-14 02:16:16|6|First Name (AI detection)|High|Profile update rejected by AI validation|f**k*r
2025-05-14 02:16:16|6|Last Name (AI detection)|High|Profile update rejected by AI validation|s**p*d
2025-05-14 02:16:29|6|First Name (AI detection)|High|Profile update rejected by AI validation|n**ro
2025-05-14 02:16:29|6|Last Name (AI detection)|High|Profile update rejected by AI validation|s**p*d
2025-05-14 02:16:30|6|First Name (AI detection)|High|Profile update rejected by AI validation|n**ro
2025-05-14 02:16:30|6|Last Name (AI detection)|High|Profile update rejected by AI validation|s**p*d
2025-05-14 02:16:54|6|First Name (AI detection)|High|Profile update rejected by AI validation|n**ro
2025-05-14 02:19:41|6|First Name (AI detection)|High|Profile update rejected by AI validation|n**ro
2025-05-14 02:20:25|6|First Name (AI detection)|High|Profile update rejected by AI validation|n**ro
2025-05-14 02:20:25|6|Last Name (AI detection)|High|Profile update rejected by AI validation|f**k*r
2025-05-14 02:20:47|6|First Name (AI detection)|High|Profile update rejected by AI validation|s**p*d
2025-05-14 02:28:26|6|First Name (AI detection)|High|Profile update rejected by AI validation|n**ro
2025-05-14 02:30:28|6|First Name (AI detection)|High|Profile update rejected by AI validation|n**ro
2025-05-14 02:30:41|6|First Name (AI detection)|High|Profile update rejected by AI validation|n**ro
2025-05-14 02:30:41|6|Last Name (AI detection)|High|Profile update rejected by AI validation|f**k**r
2025-05-14 02:36:17|6|First Name (AI detection)|High|Profile update rejected by AI validation|n**ro
2025-05-14 02:36:39|6|First Name (AI detection)|High|Profile update rejected by AI validation|n**ga
2025-05-14 02:36:58|6|First Name (AI detection)|High|Profile update rejected by AI validation|f**k*r
2025-05-14 02:38:53|6|First Name (AI detection)|High|Profile update rejected by AI validation|n**ga
2025-05-14 02:39:03|6|First Name (AI detection)|High|Profile update rejected by AI validation|n**ga
2025-05-14 02:39:04|6|Last Name (AI detection)|High|Profile update rejected by AI validation|f**k*r
2025-05-14 02:39:41|6|First Name (AI detection)|High|Profile update rejected by AI validation|f**k*r
2025-05-14 02:40:10|6|First Name (AI detection)|High|Profile update rejected by AI validation|f**k
2025-05-14 02:43:01|6|First Name (AI detection)|High|Profile update rejected by AI validation|f**k
2025-05-14 02:43:15|6|First Name (AI detection)|High|Profile update rejected by AI validation|f**k*r
2025-05-14 02:43:36|6|Last Name (AI detection)|High|Profile update rejected by AI validation|h*e
2025-05-14 02:49:17|6|First Name (AI detection)|High|Profile update rejected by AI validation|f**k
2025-05-14 02:49:28|6|First Name (AI detection)|High|Profile update rejected by AI validation|f**k
2025-05-14 02:49:40|6|First Name (AI detection)|High|Profile update rejected by AI validation|s**p*d
